
> structured-table@0.2.0 build Y:\content\content\content\personal\projects\oss\st-data\structured-table-project\packages\structured-table
> tsup

[34mCLI[39m Building entry: src/index.ts
[34mCLI[39m Using tsconfig: tsconfig.json
[34mCLI[39m tsup v8.5.1
[34mCLI[39m Using tsup config: Y:\content\content\content\personal\projects\oss\st-data\structured-table-project\packages\structured-table\tsup.config.ts
[34mCLI[39m Target: es2020
[34mCLI[39m Cleaning output folder
[34mCJS[39m Build start
[34mESM[39m Build start
[32mCJS[39m [1mdist\index.cjs     [22m[32m8.37 KB[39m
[32mCJS[39m [1mdist\index.cjs.map [22m[32m22.72 KB[39m
[32mCJS[39m ⚡️ Build success in 171ms
[32mESM[39m [1mdist\index.js     [22m[32m8.26 KB[39m
[32mESM[39m [1mdist\index.js.map [22m[32m22.70 KB[39m
[32mESM[39m ⚡️ Build success in 170ms
[34mDTS[39m Build start
[32mDTS[39m ⚡️ Build success in 849ms
[32mDTS[39m [1mdist\index.d.cts [22m[32m2.22 KB[39m
[32mDTS[39m [1mdist\index.d.ts  [22m[32m2.22 KB[39m
