
> web@0.1.0 build Y:\content\content\content\personal\projects\oss\st-data\structured-table-project\apps\web
> next build

▲ Next.js 16.1.6 (Turbopack)

  Creating an optimized production build ...
✓ Compiled successfully in 5.5s
  Running TypeScript ...
  Collecting page data using 11 workers ...
  Generating static pages using 11 workers (0/18) ...
  Generating static pages using 11 workers (4/18) 
  Generating static pages using 11 workers (8/18) 
  Generating static pages using 11 workers (13/18) 
✓ Generating static pages using 11 workers (18/18) in 662.2ms
  Finalizing page optimization ...

Route (app)
┌ ○ /
├ ○ /_not-found
├ ○ /docs
├ ○ /docs/integration/frontend
├ ○ /docs/integration/sanity-studio
├ ○ /docs/stl-renderer
├ ○ /docs/stl-renderer/react
├ ○ /docs/stl-renderer/vue
├ ○ /docs/stl-syntax
├ ○ /docs/stl-syntax/alignment
├ ○ /docs/stl-syntax/buttons
├ ○ /docs/stl-syntax/celltype
├ ○ /docs/stl-syntax/links
├ ○ /docs/stl-syntax/spanning
├ ○ /playground
└ ○ /themes


○  (Static)  prerendered as static content

